TN:
SF:src\banco.js
FN:2,(anonymous_0)
FN:9,(anonymous_1)
FN:16,(anonymous_2)
FN:26,(anonymous_3)
FN:33,(anonymous_4)
FN:38,(anonymous_5)
FN:43,(anonymous_6)
FN:48,(anonymous_7)
FN:56,(anonymous_8)
FN:64,(anonymous_9)
FN:71,(anonymous_10)
FN:73,(anonymous_11)
FN:74,(anonymous_12)
FNF:13
FNH:13
FNDA:13,(anonymous_0)
FNDA:7,(anonymous_1)
FNDA:5,(anonymous_2)
FNDA:2,(anonymous_3)
FNDA:4,(anonymous_4)
FNDA:1,(anonymous_5)
FNDA:2,(anonymous_6)
FNDA:2,(anonymous_7)
FNDA:1,(anonymous_8)
FNDA:1,(anonymous_9)
FNDA:1,(anonymous_10)
FNDA:2,(anonymous_11)
FNDA:2,(anonymous_12)
DA:3,13
DA:4,13
DA:5,13
DA:10,7
DA:11,7
DA:12,7
DA:17,5
DA:18,0
DA:20,5
DA:21,5
DA:22,5
DA:27,2
DA:28,2
DA:29,2
DA:34,4
DA:39,1
DA:44,2
DA:49,2
DA:50,1
DA:52,1
DA:57,1
DA:58,1
DA:59,1
DA:60,1
DA:65,1
DA:66,1
DA:67,1
DA:72,1
DA:73,2
DA:74,2
DA:79,1
LF:31
LH:30
BRDA:2,0,0,0
BRDA:17,1,0,0
BRDA:17,1,1,5
BRDA:49,2,0,1
BRDA:49,2,1,1
BRF:5
BRH:3
end_of_record
